<?xml version="1.0" encoding="UTF-8"?>
<!-- Generated by org.testng.reporters.JUnitReportReporter -->
<testsuite hostname="Tengu-ПК" name="javarush_test.JavaRushTest" tests="1" failures="0" timestamp="21 May 2015 13:19:38 GMT" time="8.381" errors="0">
  <testcase name="PWTest" time="8.381" classname="javarush_test.JavaRushTest"/>
</testsuite> <!-- javarush_test.JavaRushTest -->
